Building DAG of jobs...
Using shell: /usr/bin/bash
Provided cores: 4
Rules claiming more threads will be scaled down.
Job counts:
	count	jobs
	1	all
	1	best_fit
	3	k_mer_files
	5

[Fri Sep 18 14:34:14 2020]
Job 3: Call files/sample_dnaseq1.fasta with k=7

[Fri Sep 18 14:34:16 2020]
Finished job 3.
1 of 5 steps (20%) done

[Fri Sep 18 14:34:16 2020]
Job 2: Call files/sample_dnaseq1.fasta with k=6

[Fri Sep 18 14:34:18 2020]
Finished job 2.
2 of 5 steps (40%) done

[Fri Sep 18 14:34:18 2020]
Job 1: Call files/sample_dnaseq1.fasta with k=5

[Fri Sep 18 14:34:20 2020]
Finished job 1.
3 of 5 steps (60%) done

[Fri Sep 18 14:34:20 2020]
Job 4: Best kmer search

[Fri Sep 18 14:34:47 2020]
Finished job 4.
4 of 5 steps (80%) done

[Fri Sep 18 14:34:47 2020]
localrule all:
    input: results/sample_dnaseq1_result_5.txt, results/sample_dnaseq1_result_6.txt, results/sample_dnaseq1_result_7.txt, result.txt
    jobid: 0

[Fri Sep 18 14:34:47 2020]
Finished job 0.
5 of 5 steps (100%) done
Complete log: /home/togkousa/INEB work/snakemake/Snakemake-k-mer/.snakemake/log/2020-09-18T143414.009176.snakemake.log
