Building DAG of jobs...
Using shell: /usr/bin/bash
Provided cores: 4
Rules claiming more threads will be scaled down.
Job counts:
	count	jobs
	1	all
	1	best_fit
	2	k_mer_files
	4

[Fri Sep 18 12:56:23 2020]
Job 1: Call files/complete_genome_SARS-CoV-2.fasta with k=4

Terminating processes on user request, this might take some time.
[Fri Sep 18 12:57:08 2020]
Error in rule k_mer_files:
    jobid: 1
    output: results/complete_genome_SARS-CoV-2_result_4.txt
    shell:
        
			start=$(date +%s.%N)
			python k-mer.py 4 files/complete_genome_SARS-CoV-2.fasta results/complete_genome_SARS-CoV-2_result_4.txt 
			dur=$(echo "$(date +%s.%N) - $start" | bc) 
			printf "%.6f\n" $dur >> "time.txt" 
			
        (one of the commands exited with non-zero exit code; note that snakemake uses bash strict mode!)

Complete log: /home/togkousa/INEB work/snakemake/Snakemake-k-mer/.snakemake/log/2020-09-18T125623.184395.snakemake.log
